<?xml version="1.0" encoding="UTF-8"?>
<!-- Generated by org.testng.reporters.JUnitReportReporter -->
<testsuite hostname="DESKTOP-B2QSJ40" failures="0" tests="4" name="com.in28minutes.webdriver.scenarios.NewWindowTest" time="1.888" errors="1" timestamp="16 Feb 2023 13:53:01 GMT" skipped="3">
  <testcase classname="com.in28minutes.webdriver.scenarios.NewWindowTest" name="findWindowHandleOfSecondWindow" time="0.000">
    <skipped/>
  </testcase> <!-- findWindowHandleOfSecondWindow -->
  <testcase classname="com.in28minutes.webdriver.scenarios.NewWindowTest" name="testForWindows" time="0.000">
    <skipped/>
  </testcase> <!-- testForWindows -->
  <testcase classname="com.in28minutes.webdriver.scenarios.NewWindowTest" name="switchToSecondWindow" time="0.000">
    <skipped/>
  </testcase> <!-- switchToSecondWindow -->
  <testcase classname="com.in28minutes.webdriver.scenarios.NewWindowTest" name="beforeTest" time="1.888">
    <error message="session not created: This version of ChromeDriver only supports Chrome version 108
Current browser version is 110.0.5481.96 with binary path C:\Program Files (x86)\Google\Chrome\Application\chrome.exe
Build info: version: &#039;3.13.0&#039;, revision: &#039;2f0d292&#039;, time: &#039;2018-06-25T15:24:21.231Z&#039;
System info: host: &#039;DESKTOP-B2QSJ40&#039;, ip: &#039;192.168.0.108&#039;, os.name: &#039;Windows 10&#039;, os.arch: &#039;amd64&#039;, os.version: &#039;10.0&#039;, java.version: &#039;17&#039;
Driver info: driver.version: ChromeDriver
remote stacktrace: Backtrace:
	(No symbol) [0x00EAF243]
	(No symbol) [0x00E37FD1]
	(No symbol) [0x00D2D04D]
	(No symbol) [0x00D4F6B4]
	(No symbol) [0x00D4A97C]
	(No symbol) [0x00D482E9]
	(No symbol) [0x00D7F056]
	(No symbol) [0x00D7EB2A]
	(No symbol) [0x00D78386]
	(No symbol) [0x00D5163C]
	(No symbol) [0x00D5269D]
	GetHandleVerifier [0x01149A22+2655074]
	GetHandleVerifier [0x0113CA24+2601828]
	GetHandleVerifier [0x00F58C0A+619850]
	GetHandleVerifier [0x00F57830+614768]
	(No symbol) [0x00E405FC]
	(No symbol) [0x00E45968]
	(No symbol) [0x00E45A55]
	(No symbol) [0x00E5051B]
	BaseThreadInitThunk [0x74DB00F9+25]
	RtlGetAppContainerNamedObjectPath [0x76ED7BBE+286]
	RtlGetAppContainerNamedObjectPath [0x76ED7B8E+238]
" type="org.openqa.selenium.SessionNotCreatedException">
      <![CDATA[org.openqa.selenium.SessionNotCreatedException: session not created: This version of ChromeDriver only supports Chrome version 108
Current browser version is 110.0.5481.96 with binary path C:\Program Files (x86)\Google\Chrome\Application\chrome.exe
Build info: version: '3.13.0', revision: '2f0d292', time: '2018-06-25T15:24:21.231Z'
System info: host: 'DESKTOP-B2QSJ40', ip: '192.168.0.108', os.name: 'Windows 10', os.arch: 'amd64', os.version: '10.0', java.version: '17'
Driver info: driver.version: ChromeDriver
remote stacktrace: Backtrace:
(No symbol) [0x00EAF243]
(No symbol) [0x00E37FD1]
(No symbol) [0x00D2D04D]
(No symbol) [0x00D4F6B4]
(No symbol) [0x00D4A97C]
(No symbol) [0x00D482E9]
(No symbol) [0x00D7F056]
(No symbol) [0x00D7EB2A]
(No symbol) [0x00D78386]
(No symbol) [0x00D5163C]
(No symbol) [0x00D5269D]
GetHandleVerifier [0x01149A22+2655074]
GetHandleVerifier [0x0113CA24+2601828]
GetHandleVerifier [0x00F58C0A+619850]
GetHandleVerifier [0x00F57830+614768]
(No symbol) [0x00E405FC]
(No symbol) [0x00E45968]
(No symbol) [0x00E45A55]
(No symbol) [0x00E5051B]
BaseThreadInitThunk [0x74DB00F9+25]
RtlGetAppContainerNamedObjectPath [0x76ED7BBE+286]
RtlGetAppContainerNamedObjectPath [0x76ED7B8E+238]

at java.base/jdk.internal.reflect.NativeConstructorAccessorImpl.newInstance0(Native Method)
at java.base/jdk.internal.reflect.NativeConstructorAccessorImpl.newInstance(NativeConstructorAccessorImpl.java:77)
at java.base/jdk.internal.reflect.DelegatingConstructorAccessorImpl.newInstance(DelegatingConstructorAccessorImpl.java:45)
at java.base/java.lang.reflect.Constructor.newInstanceWithCaller(Constructor.java:499)
at java.base/java.lang.reflect.Constructor.newInstance(Constructor.java:480)
at org.openqa.selenium.remote.W3CHandshakeResponse.lambda$new$0(W3CHandshakeResponse.java:57)
at org.openqa.selenium.remote.W3CHandshakeResponse.lambda$getResponseFunction$2(W3CHandshakeResponse.java:104)
at org.openqa.selenium.remote.ProtocolHandshake.lambda$createSession$0(ProtocolHandshake.java:123)
at java.base/java.util.stream.ReferencePipeline$3$1.accept(ReferencePipeline.java:197)
at java.base/java.util.Spliterators$ArraySpliterator.tryAdvance(Spliterators.java:1002)
at java.base/java.util.stream.ReferencePipeline.forEachWithCancel(ReferencePipeline.java:129)
at java.base/java.util.stream.AbstractPipeline.copyIntoWithCancel(AbstractPipeline.java:527)
at java.base/java.util.stream.AbstractPipeline.copyInto(AbstractPipeline.java:513)
at java.base/java.util.stream.AbstractPipeline.wrapAndCopyInto(AbstractPipeline.java:499)
at java.base/java.util.stream.FindOps$FindOp.evaluateSequential(FindOps.java:150)
at java.base/java.util.stream.AbstractPipeline.evaluate(AbstractPipeline.java:234)
at java.base/java.util.stream.ReferencePipeline.findFirst(ReferencePipeline.java:647)
at org.openqa.selenium.remote.ProtocolHandshake.createSession(ProtocolHandshake.java:126)
at org.openqa.selenium.remote.ProtocolHandshake.createSession(ProtocolHandshake.java:73)
at org.openqa.selenium.remote.HttpCommandExecutor.execute(HttpCommandExecutor.java:136)
at org.openqa.selenium.remote.service.DriverCommandExecutor.execute(DriverCommandExecutor.java:83)
at org.openqa.selenium.remote.RemoteWebDriver.execute(RemoteWebDriver.java:548)
at org.openqa.selenium.remote.RemoteWebDriver.startSession(RemoteWebDriver.java:212)
at org.openqa.selenium.remote.RemoteWebDriver.<init>(RemoteWebDriver.java:130)
at org.openqa.selenium.chrome.ChromeDriver.<init>(ChromeDriver.java:181)
at org.openqa.selenium.chrome.ChromeDriver.<init>(ChromeDriver.java:168)
at org.openqa.selenium.chrome.ChromeDriver.<init>(ChromeDriver.java:123)
at com.in28minutes.webdriver.basics.AbstractChromeWebDriverTest.beforeTest(AbstractChromeWebDriverTest.java:23)
at java.base/jdk.internal.reflect.NativeMethodAccessorImpl.invoke0(Native Method)
at java.base/jdk.internal.reflect.NativeMethodAccessorImpl.invoke(NativeMethodAccessorImpl.java:77)
at java.base/jdk.internal.reflect.DelegatingMethodAccessorImpl.invoke(DelegatingMethodAccessorImpl.java:43)
at java.base/java.lang.reflect.Method.invoke(Method.java:568)
at org.testng.internal.MethodInvocationHelper.invokeMethod(MethodInvocationHelper.java:124)
at org.testng.internal.MethodInvocationHelper.invokeMethodConsideringTimeout(MethodInvocationHelper.java:59)
at org.testng.internal.Invoker.invokeConfigurationMethod(Invoker.java:458)
at org.testng.internal.Invoker.invokeConfigurations(Invoker.java:222)
at org.testng.internal.Invoker.invokeConfigurations(Invoker.java:142)
at org.testng.TestRunner.beforeRun(TestRunner.java:529)
at org.testng.TestRunner.run(TestRunner.java:497)
at org.testng.SuiteRunner.runTest(SuiteRunner.java:455)
at org.testng.SuiteRunner.runSequentially(SuiteRunner.java:450)
at org.testng.SuiteRunner.privateRun(SuiteRunner.java:415)
at org.testng.SuiteRunner.run(SuiteRunner.java:364)
at org.testng.SuiteRunnerWorker.runSuite(SuiteRunnerWorker.java:52)
at org.testng.SuiteRunnerWorker.run(SuiteRunnerWorker.java:84)
at org.testng.TestNG.runSuitesSequentially(TestNG.java:1208)
at org.testng.TestNG.runSuitesLocally(TestNG.java:1137)
at org.testng.TestNG.runSuites(TestNG.java:1049)
at org.testng.TestNG.run(TestNG.java:1017)
at org.testng.remote.AbstractRemoteTestNG.run(AbstractRemoteTestNG.java:115)
at org.testng.remote.RemoteTestNG.initAndRun(RemoteTestNG.java:251)
at org.testng.remote.RemoteTestNG.main(RemoteTestNG.java:77)
]]>
    </error>
  </testcase> <!-- beforeTest -->
</testsuite> <!-- com.in28minutes.webdriver.scenarios.NewWindowTest -->
